0 info it worked if it ends with ok
1 verbose cli [ '/opt/local/bin/node',
1 verbose cli   '/opt/local/bin/npm',
1 verbose cli   'install',
1 verbose cli   'compound-passport' ]
2 info using npm@1.3.11
3 info using node@v0.10.20
4 warn package.json automarket@0.0.1 No repository field.
5 warn package.json jugglingdb-mongodb@0.0.4-3 No repository field.
6 verbose readDependencies using package.json deps
7 verbose cache add [ 'compound-passport', null ]
8 verbose cache add name=undefined spec="compound-passport" args=["compound-passport",null]
9 verbose parsed url { protocol: null,
9 verbose parsed url   slashes: null,
9 verbose parsed url   auth: null,
9 verbose parsed url   host: null,
9 verbose parsed url   port: null,
9 verbose parsed url   hostname: null,
9 verbose parsed url   hash: null,
9 verbose parsed url   search: null,
9 verbose parsed url   query: null,
9 verbose parsed url   pathname: 'compound-passport',
9 verbose parsed url   path: 'compound-passport',
9 verbose parsed url   href: 'compound-passport' }
10 silly lockFile 96f0031c-compound-passport compound-passport
11 verbose lock compound-passport /Users/user/.npm/96f0031c-compound-passport.lock
12 silly lockFile 96f0031c-compound-passport compound-passport
13 silly lockFile 96f0031c-compound-passport compound-passport
14 verbose addNamed [ 'compound-passport', '' ]
15 verbose addNamed [ null, '*' ]
16 silly lockFile 773601ca-compound-passport compound-passport@
17 verbose lock compound-passport@ /Users/user/.npm/773601ca-compound-passport.lock
18 silly addNameRange { name: 'compound-passport', range: '*', hasData: false }
19 verbose url raw compound-passport
20 verbose url resolving [ 'https://registry.npmjs.org/', './compound-passport' ]
21 verbose url resolved https://registry.npmjs.org/compound-passport
22 info trying registry request attempt 1 at 01:06:08
23 http GET https://registry.npmjs.org/compound-passport
24 http 404 https://registry.npmjs.org/compound-passport
25 silly registry.get cb [ 404,
25 silly registry.get   { server: 'CouchDB/1.3.1 (Erlang OTP/R15B03)',
25 silly registry.get     date: 'Fri, 15 Nov 2013 16:06:12 GMT',
25 silly registry.get     'content-type': 'application/json',
25 silly registry.get     'content-length': '52',
25 silly registry.get     'cache-control': 'must-revalidate' } ]
26 silly lockFile 773601ca-compound-passport compound-passport@
27 silly lockFile 773601ca-compound-passport compound-passport@
28 error 404 'compound-passport' is not in the npm registry.
28 error 404 You should bug the author to publish it
28 error 404
28 error 404 Note that you can also install from a
28 error 404 tarball, folder, or http url, or git url.
29 error System Darwin 10.8.0
30 error command "/opt/local/bin/node" "/opt/local/bin/npm" "install" "compound-passport"
31 error cwd /Users/user/Documents/Projects/Automarket
32 error node -v v0.10.20
33 error npm -v 1.3.11
34 error code E404
35 verbose exit [ 1, true ]
